<?xml version="1.0" encoding="UTF-8"?>
<!-- Generated by org.testng.reporters.JUnitReportReporter -->
<testsuite hostname="SumitPc" failures="0" tests="1" name="com.nopcommerce.testCases.TC_AddCustomerTest_003" time="23.657" errors="0" timestamp="19 Jan 2022 07:23:27 GMT" skipped="0">
  <testcase classname="com.nopcommerce.testCases.TC_AddCustomerTest_003" name="addNewCustomer" time="23.657"/>
</testsuite> <!-- com.nopcommerce.testCases.TC_AddCustomerTest_003 -->
